{"/home/ag/git/html-escaper/test.js":{"path":"/home/ag/git/html-escaper/test.js","s":{"1":1,"2":1,"3":1,"4":1,"5":1,"6":1},"b":{},"f":{},"fnMap":{},"statementMap":{"1":{"start":{"line":1,"column":0},"end":{"line":1,"column":21}},"2":{"start":{"line":3,"column":0},"end":{"line":3,"column":25}},"3":{"start":{"line":5,"column":0},"end":{"line":8,"column":2}},"4":{"start":{"line":10,"column":0},"end":{"line":13,"column":2}},"5":{"start":{"line":15,"column":0},"end":{"line":18,"column":2}},"6":{"start":{"line":20,"column":0},"end":{"line":23,"column":2}}},"branchMap":{}},"/home/ag/git/html-escaper/cjs/index.js":{"path":"/home/ag/git/html-escaper/cjs/index.js","s":{"1":1,"2":1,"3":1,"4":1,"5":1,"6":1,"7":2,"8":1,"9":1,"10":2,"11":1,"12":1,"13":10,"14":1,"15":10},"b":{},"f":{"1":2,"2":2,"3":10,"4":10},"fnMap":{"1":{"name":"escape","line":49,"loc":{"start":{"line":49,"column":0},"end":{"line":49,"column":20}}},"2":{"name":"unescape","line":54,"loc":{"start":{"line":54,"column":0},"end":{"line":54,"column":22}}},"3":{"name":"pe","line":59,"loc":{"start":{"line":59,"column":0},"end":{"line":59,"column":15}}},"4":{"name":"cape","line":63,"loc":{"start":{"line":63,"column":0},"end":{"line":63,"column":17}}}},"statementMap":{"1":{"start":{"line":24,"column":0},"end":{"line":24,"column":25}},"2":{"start":{"line":26,"column":0},"end":{"line":26,"column":20}},"3":{"start":{"line":27,"column":0},"end":{"line":27,"column":58}},"4":{"start":{"line":29,"column":0},"end":{"line":35,"column":2}},"5":{"start":{"line":36,"column":0},"end":{"line":47,"column":2}},"6":{"start":{"line":49,"column":0},"end":{"line":51,"column":1}},"7":{"start":{"line":50,"column":2},"end":{"line":50,"column":34}},"8":{"start":{"line":52,"column":0},"end":{"line":52,"column":24}},"9":{"start":{"line":54,"column":0},"end":{"line":56,"column":1}},"10":{"start":{"line":55,"column":2},"end":{"line":55,"column":36}},"11":{"start":{"line":57,"column":0},"end":{"line":57,"column":28}},"12":{"start":{"line":59,"column":0},"end":{"line":61,"column":1}},"13":{"start":{"line":60,"column":2},"end":{"line":60,"column":17}},"14":{"start":{"line":63,"column":0},"end":{"line":65,"column":1}},"15":{"start":{"line":64,"column":2},"end":{"line":64,"column":17}}},"branchMap":{}}}