{"/home/webreflection/github/html-escaper/test.js":{"path":"/home/webreflection/github/html-escaper/test.js","s":{"1":1,"2":1,"3":1,"4":1,"5":1,"6":1},"b":{},"f":{},"fnMap":{},"statementMap":{"1":{"start":{"line":1,"column":0},"end":{"line":1,"column":21}},"2":{"start":{"line":3,"column":0},"end":{"line":3,"column":32}},"3":{"start":{"line":5,"column":0},"end":{"line":8,"column":2}},"4":{"start":{"line":10,"column":0},"end":{"line":13,"column":2}},"5":{"start":{"line":15,"column":0},"end":{"line":18,"column":2}},"6":{"start":{"line":20,"column":0},"end":{"line":23,"column":2}}},"branchMap":{}},"/home/webreflection/github/html-escaper/html.js":{"path":"/home/webreflection/github/html-escaper/html.js","s":{"1":1,"2":1,"3":10,"4":10,"5":1,"6":2,"7":2,"8":1,"9":1},"b":{"1":[1,1]},"f":{"1":1,"2":10,"3":10,"4":2,"5":2},"fnMap":{"1":{"name":"(anonymous_1)","line":3,"loc":{"start":{"line":3,"column":12},"end":{"line":3,"column":25}}},"2":{"name":"(anonymous_2)","line":26,"loc":{"start":{"line":26,"column":15},"end":{"line":26,"column":28}}},"3":{"name":"(anonymous_3)","line":29,"loc":{"start":{"line":29,"column":17},"end":{"line":29,"column":30}}},"4":{"name":"escape","line":34,"loc":{"start":{"line":34,"column":12},"end":{"line":34,"column":31}}},"5":{"name":"unescape","line":37,"loc":{"start":{"line":37,"column":14},"end":{"line":37,"column":35}}}},"statementMap":{"1":{"start":{"line":3,"column":0},"end":{"line":41,"column":11}},"2":{"start":{"line":4,"column":2},"end":{"line":32,"column":25}},"3":{"start":{"line":27,"column":6},"end":{"line":27,"column":24}},"4":{"start":{"line":30,"column":6},"end":{"line":30,"column":26}},"5":{"start":{"line":33,"column":2},"end":{"line":40,"column":5}},"6":{"start":{"line":35,"column":6},"end":{"line":35,"column":49}},"7":{"start":{"line":38,"column":6},"end":{"line":38,"column":53}},"8":{"start":{"line":43,"column":0},"end":{"line":43,"column":45}},"9":{"start":{"line":43,"column":6},"end":{"line":43,"column":28}}},"branchMap":{"1":{"line":33,"type":"binary-expr","locations":[{"start":{"line":33,"column":10},"end":{"line":33,"column":18}},{"start":{"line":33,"column":22},"end":{"line":33,"column":23}}]}}}}