TN:
SF:/home/webreflection/github/html-escaper/test.js
FNF:0
FNH:0
DA:1,1
DA:3,1
DA:5,1
DA:10,1
DA:15,1
DA:20,1
LF:6
LH:6
BRF:0
BRH:0
end_of_record
TN:
SF:/home/webreflection/github/html-escaper/html.js
FN:3,(anonymous_1)
FN:26,(anonymous_2)
FN:29,(anonymous_3)
FN:34,escape
FN:37,unescape
FNF:5
FNH:5
FNDA:1,(anonymous_1)
FNDA:10,(anonymous_2)
FNDA:10,(anonymous_3)
FNDA:2,escape
FNDA:2,unescape
DA:3,1
DA:4,1
DA:27,10
DA:30,10
DA:33,1
DA:35,2
DA:38,2
DA:43,1
LF:8
LH:8
BRDA:33,1,0,1
BRDA:33,1,1,1
BRF:2
BRH:2
end_of_record
